<?xml version="1.0" encoding="UTF-8"?>
<!-- Generated by org.testng.reporters.JUnitReportReporter -->
<testsuite hostname="ITEM-S133501" failures="0" tests="1" name="com.cxweb.tests.LoginTest" time="6.440" errors="0" timestamp="2024-04-02T13:52:38 IST" skipped="0">
  <testcase classname="com.cxweb.tests.LoginTest" name="loginTest" time="6.440"/>
  <system-out/>
</testsuite> <!-- com.cxweb.tests.LoginTest -->
